2025-11-13 14:03:02 [[32minfo[39m]: [32m[32mMONGODB SUCCESS 	 DB URL:	 mongodb+srv://sergiojoao3240:H7NXw3ibl5OABnSw@cryptify.hycqh6e.mongodb.net/cryptify[32m[39m
2025-11-13 14:03:02 [[32minfo[39m]: [32m🚀 Express Server Started on port 85[39m
2025-11-13 14:09:35 [[35mhttp[39m]: [35mFrom: ::1, Received GET /auth, Status - 404, Content-Length - 143, Time - 3.712 ms[39m
2025-11-13 14:09:41 [[35mhttp[39m]: [35mFrom: ::1, Received GET /, Status - 404, Content-Length - 139, Time - 0.710 ms[39m
2025-11-13 14:10:57 [[32minfo[39m]: [32m[32mMONGODB SUCCESS 	 DB URL:	 mongodb+srv://sergiojoao3240:H7NXw3ibl5OABnSw@cryptify.hycqh6e.mongodb.net/cryptify[32m[39m
2025-11-13 14:10:57 [[32minfo[39m]: [32m🚀 Express Server Started on port 85[39m
2025-11-13 14:11:02 [[32minfo[39m]: [32m[32mMONGODB SUCCESS 	 DB URL:	 mongodb+srv://sergiojoao3240:H7NXw3ibl5OABnSw@cryptify.hycqh6e.mongodb.net/cryptify[32m[39m
2025-11-13 14:11:02 [[32minfo[39m]: [32m🚀 Express Server Started on port 85[39m
2025-11-13 14:11:09 [[32minfo[39m]: [32m[32mMONGODB SUCCESS 	 DB URL:	 mongodb+srv://sergiojoao3240:H7NXw3ibl5OABnSw@cryptify.hycqh6e.mongodb.net/cryptify[32m[39m
2025-11-13 14:11:09 [[32minfo[39m]: [32m🚀 Express Server Started on port 85[39m
2025-11-13 14:11:14 [[32minfo[39m]: [32m[32mMONGODB SUCCESS 	 DB URL:	 mongodb+srv://sergiojoao3240:H7NXw3ibl5OABnSw@cryptify.hycqh6e.mongodb.net/cryptify[32m[39m
2025-11-13 14:11:14 [[32minfo[39m]: [32m🚀 Express Server Started on port 85[39m
2025-11-13 14:11:18 [[35mhttp[39m]: [35mFrom: ::1, Received GET /, Status - 200, Content-Length - 30, Time - 2.533 ms[39m
2025-11-13 14:25:30 [[32minfo[39m]: [32m[32mMONGODB SUCCESS 	 DB URL:	 mongodb+srv://sergiojoao3240:H7NXw3ibl5OABnSw@cryptify.hycqh6e.mongodb.net/cryptify[32m[39m
2025-11-13 14:25:30 [[32minfo[39m]: [32m🚀 Express Server Started on port 85[39m
2025-11-13 14:27:31 [[35mhttp[39m]: [35mFrom: ::1, Received POST /auth/validate, Status - 400, Content-Length - 64, Time - 95.534 ms[39m
2025-11-13 15:12:19 [[35mhttp[39m]: [35mFrom: ::1, Received POST /users/, Status - 201, Content-Length - 249, Time - 240.039 ms[39m
2025-11-13 15:12:32 [[35mhttp[39m]: [35mFrom: ::1, Received POST /auth/login, Status - 200, Content-Length - 59, Time - 171.564 ms[39m
2025-11-13 15:12:34 [[32minfo[39m]: [32mEmail sent to lara123mart@yopmail.com with subject: Pin to Login[39m
2025-11-13 15:12:50 [[35mhttp[39m]: [35mFrom: ::1, Received POST /auth/validate, Status - 400, Content-Length - 64, Time - 83.864 ms[39m
2025-11-13 15:14:02 [[35mhttp[39m]: [35mFrom: ::1, Received POST /auth/validate, Status - 201, Content-Length - 398, Time - 124.202 ms[39m
2025-11-13 15:15:01 [[35mhttp[39m]: [35mFrom: ::1, Received POST /auth/login, Status - 200, Content-Length - 59, Time - 174.614 ms[39m
2025-11-13 15:15:03 [[32minfo[39m]: [32mEmail sent to lara123mart@yopmail.com with subject: Pin to Login[39m
2025-11-13 15:15:13 [[35mhttp[39m]: [35mFrom: ::1, Received POST /auth/validate, Status - 400, Content-Length - 64, Time - 82.728 ms[39m
2025-11-13 15:16:51 [[35mhttp[39m]: [35mFrom: ::1, Received POST /auth/validate, Status - 400, Content-Length - 64, Time - 82.692 ms[39m
2025-11-13 15:17:46 [[35mhttp[39m]: [35mFrom: ::1, Received POST /auth/login, Status - 200, Content-Length - 59, Time - 167.909 ms[39m
2025-11-13 15:17:48 [[32minfo[39m]: [32mEmail sent to lara123mart@yopmail.com with subject: Pin to Login[39m
2025-11-13 15:18:04 [[35mhttp[39m]: [35mFrom: ::1, Received POST /auth/validate, Status - 400, Content-Length - 64, Time - 80.384 ms[39m
2025-11-13 15:21:10 [[35mhttp[39m]: [35mFrom: ::1, Received POST /auth/validate, Status - 400, Content-Length - 58, Time - 0.880 ms[39m
2025-11-13 15:21:15 [[35mhttp[39m]: [35mFrom: ::1, Received POST /auth/validate, Status - 400, Content-Length - 64, Time - 78.620 ms[39m
2025-11-13 15:22:33 [[35mhttp[39m]: [35mFrom: ::1, Received POST /auth/login, Status - 200, Content-Length - 59, Time - 188.401 ms[39m
2025-11-13 15:22:35 [[32minfo[39m]: [32mEmail sent to lara123mart@yopmail.com with subject: Pin to Login[39m
2025-11-13 15:22:45 [[35mhttp[39m]: [35mFrom: ::1, Received POST /auth/validate, Status - 400, Content-Length - 64, Time - 79.231 ms[39m
2025-11-13 15:25:49 [[35mhttp[39m]: [35mFrom: ::1, Received POST /auth/validate, Status - 201, Content-Length - 398, Time - 132.605 ms[39m
2025-11-13 16:31:37 [[35mhttp[39m]: [35mFrom: ::1, Received GET /vaults/me, Status - 403, Content-Length - 59, Time - 0.702 ms[39m
2025-11-13 16:39:46 [[35mhttp[39m]: [35mFrom: ::1, Received GET /vaults/me, Status - 403, Content-Length - 59, Time - 0.997 ms[39m
2025-11-13 16:40:44 [[35mhttp[39m]: [35mFrom: ::1, Received GET /vaults/me, Status - 500, Content-Length - 121, Time - 187.203 ms[39m
2025-11-13 16:40:56 [[35mhttp[39m]: [35mFrom: ::1, Received GET /vaults/me, Status - 500, Content-Length - 121, Time - 98.764 ms[39m
2025-11-13 16:41:12 [[35mhttp[39m]: [35mFrom: ::1, Received GET /vaults/me, Status - 403, Content-Length - 59, Time - 0.254 ms[39m
2025-11-13 16:41:58 [[35mhttp[39m]: [35mFrom: ::1, Received GET /vaults/me, Status - 500, Content-Length - 121, Time - 170.964 ms[39m
2025-11-13 16:42:29 [[35mhttp[39m]: [35mFrom: ::1, Received GET /vaults/me, Status - 500, Content-Length - 121, Time - 121.514 ms[39m
2025-11-13 16:42:51 [[35mhttp[39m]: [35mFrom: ::1, Received POST /auth/update, Status - 201, Content-Length - 398, Time - 174.990 ms[39m
2025-11-13 16:43:09 [[35mhttp[39m]: [35mFrom: ::1, Received GET /vaults/me, Status - 200, Content-Length - 145, Time - 187.177 ms[39m
2025-11-13 16:43:18 [[35mhttp[39m]: [35mFrom: ::1, Received GET /vaults/me, Status - 500, Content-Length - 121, Time - 93.289 ms[39m
